<?xml version="1.0" encoding="UTF-8"?>
<!-- Generated by org.testng.reporters.JUnitReportReporter -->
<testsuite hostname="LAPTOP-FNGJ6SAJ" failures="0" tests="1" name="tests.Synchronization" time="21.143" errors="0" timestamp="2021-01-24T00:08:08 UYT" skipped="0">
  <testcase classname="tests.Synchronization" name="explicitWait" time="21.143"/>
  <system-out/>
</testsuite> <!-- tests.Synchronization -->
