<?xml version="1.0" encoding="UTF-8"?>
<!-- Generated by org.testng.reporters.JUnitReportReporter -->
<testsuite skipped="0" hostname="OscarPino" name="tests2.Screenshot" tests="1" failures="0" timestamp="2021-02-06T20:39:31 UYT" time="18.398" errors="0">
  <testcase name="screenshotExample" time="18.398" classname="tests2.Screenshot"/>
  <system-out/>
</testsuite> <!-- tests2.Screenshot -->
