<?xml version="1.0" encoding="UTF-8"?>
<!-- Generated by org.testng.reporters.JUnitReportReporter -->
<testsuite skipped="0" hostname="OscarPino" name="tests.AjaxChildWindowsIframes" tests="1" failures="0" timestamp="2021-02-02T16:57:00 UYT" time="26.953" errors="0">
  <testcase name="managewindows" time="26.953" classname="tests.AjaxChildWindowsIframes"/>
  <system-out/>
</testsuite> <!-- tests.AjaxChildWindowsIframes -->
