<?xml version="1.0" encoding="UTF-8"?>
<!-- Generated by org.testng.reporters.JUnitReportReporter -->
<testsuite skipped="0" hostname="OscarPino" name="tests.Iframe" tests="1" failures="0" timestamp="2021-02-02T18:51:28 UYT" time="28.135" errors="0">
  <testcase name="iframes" time="28.135" classname="tests.Iframe"/>
  <system-out/>
</testsuite> <!-- tests.Iframe -->
