<?xml version="1.0" encoding="UTF-8"?>
<!-- Generated by org.testng.reporters.JUnitReportReporter -->
<testsuite skipped="0" hostname="OscarPino" name="tests.HandlingCalendar" tests="1" failures="0" timestamp="2021-02-04T17:34:08 UYT" time="73.315" errors="0">
  <testcase name="selectDate" time="73.315" classname="tests.HandlingCalendar"/>
  <system-out/>
</testsuite> <!-- tests.HandlingCalendar -->
